<?xml version="1.0" encoding="UTF-8"?>
<testng-results skipped="0" failed="0" ignored="0" total="2" passed="2">
  <reporter-output>
  </reporter-output>
  <suite name="Default suite" duration-ms="11328" started-at="2020-04-18T19:09:03Z" finished-at="2020-04-18T19:09:14Z">
    <groups>
    </groups>
    <test name="Default test" duration-ms="11328" started-at="2020-04-18T19:09:03Z" finished-at="2020-04-18T19:09:14Z">
      <class name="com.thiago.teste.GoogleSearchTest">
        <test-method status="PASS" signature="google0()[pri:0, instance:com.thiago.teste.GoogleSearchTest@11389053]" name="google0" duration-ms="6270" started-at="2020-04-18T19:09:03Z" finished-at="2020-04-18T19:09:09Z">
          <reporter-output>
          </reporter-output>
        </test-method> <!-- google0 -->
        <test-method status="PASS" signature="google1()[pri:0, instance:com.thiago.teste.GoogleSearchTest@11389053]" name="google1" duration-ms="4647" started-at="2020-04-18T19:09:10Z" finished-at="2020-04-18T19:09:14Z">
          <reporter-output>
          </reporter-output>
        </test-method> <!-- google1 -->
      </class> <!-- com.thiago.teste.GoogleSearchTest -->
    </test> <!-- Default test -->
  </suite> <!-- Default suite -->
</testng-results>
